[0.063s] DEBUG:colcon:Command line arguments: ['/usr/bin/colcon', 'build', '--packages-select', 'ros1_bridge', '--cmake-force-configure', '--cmake-args', '-DBUILD_TESTING=FALSE']
[0.063s] DEBUG:colcon:Parsed command line arguments: Namespace(log_base=None, log_level=None, verb_name='build', build_base='build', install_base='install', merge_install=False, symlink_install=False, test_result_base=None, continue_on_error=False, executor='parallel', parallel_workers=12, event_handlers=None, ignore_user_meta=False, metas=['./colcon.meta'], base_paths=['.'], packages_ignore=None, packages_ignore_regex=None, paths=None, packages_up_to=None, packages_up_to_regex=None, packages_above=None, packages_above_and_dependencies=None, packages_above_depth=None, packages_select_by_dep=None, packages_skip_by_dep=None, packages_skip_up_to=None, packages_select_build_failed=False, packages_skip_build_finished=False, packages_select_test_failures=False, packages_skip_test_passed=False, packages_select=['ros1_bridge'], packages_skip=None, packages_select_regex=None, packages_skip_regex=None, packages_start=None, packages_end=None, allow_overriding=[], cmake_args=['-DBUILD_TESTING=FALSE'], cmake_target=None, cmake_target_skip_unavailable=False, cmake_clean_cache=False, cmake_clean_first=False, cmake_force_configure=True, ament_cmake_args=None, catkin_cmake_args=None, catkin_skip_building_tests=False, verb_parser=<colcon_defaults.argument_parser.defaults.DefaultArgumentsDecorator object at 0x755d68c74130>, verb_extension=<colcon_core.verb.build.BuildVerb object at 0x755d68de1870>, main=<bound method BuildVerb.main of <colcon_core.verb.build.BuildVerb object at 0x755d68de1870>>)
[0.159s] Level 1:colcon.colcon_core.package_discovery:discover_packages(colcon_meta) check parameters
[0.159s] Level 1:colcon.colcon_core.package_discovery:discover_packages(recursive) check parameters
[0.159s] Level 1:colcon.colcon_core.package_discovery:discover_packages(ignore) check parameters
[0.159s] Level 1:colcon.colcon_core.package_discovery:discover_packages(path) check parameters
[0.159s] Level 1:colcon.colcon_core.package_discovery:discover_packages(colcon_meta) discover
[0.159s] Level 1:colcon.colcon_core.package_discovery:discover_packages(recursive) discover
[0.159s] INFO:colcon.colcon_core.package_discovery:Crawling recursively for packages in '/home/chaitanya/repos/LegoScope/ros1_bridge_ws/src'
[0.159s] Level 1:colcon.colcon_core.package_identification:_identify(.) by extensions ['ignore', 'ignore_ament_install']
[0.159s] Level 1:colcon.colcon_core.package_identification:_identify(.) by extension 'ignore'
[0.159s] Level 1:colcon.colcon_core.package_identification:_identify(.) by extension 'ignore_ament_install'
[0.159s] Level 1:colcon.colcon_core.package_identification:_identify(.) by extensions ['colcon_pkg']
[0.159s] Level 1:colcon.colcon_core.package_identification:_identify(.) by extension 'colcon_pkg'
[0.159s] Level 1:colcon.colcon_core.package_identification:_identify(.) by extensions ['colcon_meta']
[0.159s] Level 1:colcon.colcon_core.package_identification:_identify(.) by extension 'colcon_meta'
[0.160s] Level 1:colcon.colcon_core.package_identification:_identify(.) by extensions ['ros']
[0.160s] Level 1:colcon.colcon_core.package_identification:_identify(.) by extension 'ros'
[0.167s] Level 1:colcon.colcon_core.package_identification:_identify(.) by extensions ['cmake', 'python']
[0.167s] Level 1:colcon.colcon_core.package_identification:_identify(.) by extension 'cmake'
[0.167s] Level 1:colcon.colcon_core.package_identification:_identify(.) by extension 'python'
[0.167s] Level 1:colcon.colcon_core.package_identification:_identify(.) by extensions ['python_setup_py']
[0.167s] Level 1:colcon.colcon_core.package_identification:_identify(.) by extension 'python_setup_py'
[0.167s] Level 1:colcon.colcon_core.package_identification:_identify(build) by extensions ['ignore', 'ignore_ament_install']
[0.167s] Level 1:colcon.colcon_core.package_identification:_identify(build) by extension 'ignore'
[0.167s] Level 1:colcon.colcon_core.package_identification:_identify(build) ignored
[0.167s] Level 1:colcon.colcon_core.package_identification:_identify(install) by extensions ['ignore', 'ignore_ament_install']
[0.167s] Level 1:colcon.colcon_core.package_identification:_identify(install) by extension 'ignore'
[0.167s] Level 1:colcon.colcon_core.package_identification:_identify(install) ignored
[0.167s] Level 1:colcon.colcon_core.package_identification:_identify(log) by extensions ['ignore', 'ignore_ament_install']
[0.167s] Level 1:colcon.colcon_core.package_identification:_identify(log) by extension 'ignore'
[0.167s] Level 1:colcon.colcon_core.package_identification:_identify(log) ignored
[0.167s] Level 1:colcon.colcon_core.package_identification:_identify(ros1_bridge) by extensions ['ignore', 'ignore_ament_install']
[0.167s] Level 1:colcon.colcon_core.package_identification:_identify(ros1_bridge) by extension 'ignore'
[0.167s] Level 1:colcon.colcon_core.package_identification:_identify(ros1_bridge) by extension 'ignore_ament_install'
[0.167s] Level 1:colcon.colcon_core.package_identification:_identify(ros1_bridge) by extensions ['colcon_pkg']
[0.167s] Level 1:colcon.colcon_core.package_identification:_identify(ros1_bridge) by extension 'colcon_pkg'
[0.167s] Level 1:colcon.colcon_core.package_identification:_identify(ros1_bridge) by extensions ['colcon_meta']
[0.167s] Level 1:colcon.colcon_core.package_identification:_identify(ros1_bridge) by extension 'colcon_meta'
[0.167s] Level 1:colcon.colcon_core.package_identification:_identify(ros1_bridge) by extensions ['ros']
[0.168s] Level 1:colcon.colcon_core.package_identification:_identify(ros1_bridge) by extension 'ros'
[0.169s] DEBUG:colcon.colcon_core.package_identification:Package 'ros1_bridge' with type 'ros.ament_cmake' and name 'ros1_bridge'
[0.169s] Level 1:colcon.colcon_core.package_discovery:discover_packages(recursive) using defaults
[0.169s] Level 1:colcon.colcon_core.package_discovery:discover_packages(ignore) discover
[0.169s] Level 1:colcon.colcon_core.package_discovery:discover_packages(ignore) using defaults
[0.169s] Level 1:colcon.colcon_core.package_discovery:discover_packages(path) discover
[0.169s] Level 1:colcon.colcon_core.package_discovery:discover_packages(path) using defaults
[0.182s] Level 1:colcon.colcon_core.package_discovery:discover_packages(prefix_path) check parameters
[0.182s] Level 1:colcon.colcon_core.package_discovery:discover_packages(prefix_path) discover
[0.183s] WARNING:colcon.colcon_core.prefix_path.colcon:The path '/home/chaitanya/Downloads/ros2-linux' in the environment variable COLCON_PREFIX_PATH doesn't exist
[0.183s] WARNING:colcon.colcon_ros.prefix_path.ament:The path '/home/chaitanya/Downloads/ros2-linux' in the environment variable AMENT_PREFIX_PATH doesn't exist
[0.183s] WARNING:colcon.colcon_ros.prefix_path.catkin:The path '/home/chaitanya/Downloads/ros2-linux' in the environment variable CMAKE_PREFIX_PATH doesn't exist
[0.184s] DEBUG:colcon.colcon_installed_package_information.package_discovery:Found 273 installed packages in /opt/ros/humble
[0.190s] Level 1:colcon.colcon_core.package_discovery:discover_packages(prefix_path) using defaults
[0.211s] Level 5:colcon.colcon_core.verb:set package 'ros1_bridge' build argument 'cmake_args' from command line to '['-DBUILD_TESTING=FALSE']'
[0.211s] Level 5:colcon.colcon_core.verb:set package 'ros1_bridge' build argument 'cmake_target' from command line to 'None'
[0.211s] Level 5:colcon.colcon_core.verb:set package 'ros1_bridge' build argument 'cmake_target_skip_unavailable' from command line to 'False'
[0.211s] Level 5:colcon.colcon_core.verb:set package 'ros1_bridge' build argument 'cmake_clean_cache' from command line to 'False'
[0.211s] Level 5:colcon.colcon_core.verb:set package 'ros1_bridge' build argument 'cmake_clean_first' from command line to 'False'
[0.211s] Level 5:colcon.colcon_core.verb:set package 'ros1_bridge' build argument 'cmake_force_configure' from command line to 'True'
[0.211s] Level 5:colcon.colcon_core.verb:set package 'ros1_bridge' build argument 'ament_cmake_args' from command line to 'None'
[0.211s] Level 5:colcon.colcon_core.verb:set package 'ros1_bridge' build argument 'catkin_cmake_args' from command line to 'None'
[0.211s] Level 5:colcon.colcon_core.verb:set package 'ros1_bridge' build argument 'catkin_skip_building_tests' from command line to 'False'
[0.211s] DEBUG:colcon.colcon_core.verb:Building package 'ros1_bridge' with the following arguments: {'ament_cmake_args': None, 'build_base': '/home/chaitanya/repos/LegoScope/ros1_bridge_ws/src/build/ros1_bridge', 'catkin_cmake_args': None, 'catkin_skip_building_tests': False, 'cmake_args': ['-DBUILD_TESTING=FALSE'], 'cmake_clean_cache': False, 'cmake_clean_first': False, 'cmake_force_configure': True, 'cmake_target': None, 'cmake_target_skip_unavailable': False, 'install_base': '/home/chaitanya/repos/LegoScope/ros1_bridge_ws/src/install/ros1_bridge', 'merge_install': False, 'path': '/home/chaitanya/repos/LegoScope/ros1_bridge_ws/src/ros1_bridge', 'symlink_install': False, 'test_result_base': None}
[0.212s] INFO:colcon.colcon_core.executor:Executing jobs using 'parallel' executor
[0.212s] DEBUG:colcon.colcon_parallel_executor.executor.parallel:run_until_complete
[0.213s] INFO:colcon.colcon_ros.task.ament_cmake.build:Building ROS package in '/home/chaitanya/repos/LegoScope/ros1_bridge_ws/src/ros1_bridge' with build type 'ament_cmake'
[0.213s] INFO:colcon.colcon_cmake.task.cmake.build:Building CMake package in '/home/chaitanya/repos/LegoScope/ros1_bridge_ws/src/ros1_bridge'
[0.214s] INFO:colcon.colcon_core.plugin_system:Skipping extension 'colcon_core.shell.bat': Not used on non-Windows systems
[0.214s] INFO:colcon.colcon_core.shell:Skip shell extension 'powershell' for command environment: Not usable outside of PowerShell
[0.214s] DEBUG:colcon.colcon_core.shell:Skip shell extension 'dsv' for command environment
[0.219s] DEBUG:colcon.colcon_core.event_handler.log_command:Invoking command in '/home/chaitanya/repos/LegoScope/ros1_bridge_ws/src/build/ros1_bridge': CMAKE_PREFIX_PATH=${CMAKE_PREFIX_PATH}:/opt/ros/humble CONDA_PROMPT_MODIFIER=(base) /usr/bin/cmake /home/chaitanya/repos/LegoScope/ros1_bridge_ws/src/ros1_bridge -DBUILD_TESTING=FALSE -DCMAKE_INSTALL_PREFIX=/home/chaitanya/repos/LegoScope/ros1_bridge_ws/src/install/ros1_bridge
[1.131s] DEBUG:colcon.colcon_core.event_handler.log_command:Invoked command in '/home/chaitanya/repos/LegoScope/ros1_bridge_ws/src/build/ros1_bridge' returned '1': CMAKE_PREFIX_PATH=${CMAKE_PREFIX_PATH}:/opt/ros/humble CONDA_PROMPT_MODIFIER=(base) /usr/bin/cmake /home/chaitanya/repos/LegoScope/ros1_bridge_ws/src/ros1_bridge -DBUILD_TESTING=FALSE -DCMAKE_INSTALL_PREFIX=/home/chaitanya/repos/LegoScope/ros1_bridge_ws/src/install/ros1_bridge
[1.138s] Level 1:colcon.colcon_core.environment:create_environment_scripts_only(ros1_bridge)
[1.139s] Level 1:colcon.colcon_core.environment:checking '/home/chaitanya/repos/LegoScope/ros1_bridge_ws/src/install/ros1_bridge' for CMake module files
[1.139s] Level 1:colcon.colcon_core.environment:checking '/home/chaitanya/repos/LegoScope/ros1_bridge_ws/src/install/ros1_bridge' for CMake config files
[1.140s] Level 1:colcon.colcon_core.environment:checking '/home/chaitanya/repos/LegoScope/ros1_bridge_ws/src/install/ros1_bridge/bin'
[1.140s] Level 1:colcon.colcon_core.environment:checking '/home/chaitanya/repos/LegoScope/ros1_bridge_ws/src/install/ros1_bridge/lib/pkgconfig/ros1_bridge.pc'
[1.140s] Level 1:colcon.colcon_core.environment:checking '/home/chaitanya/repos/LegoScope/ros1_bridge_ws/src/install/ros1_bridge/lib/python3.10/site-packages'
[1.140s] Level 1:colcon.colcon_core.environment:checking '/home/chaitanya/repos/LegoScope/ros1_bridge_ws/src/install/ros1_bridge/bin'
[1.140s] INFO:colcon.colcon_core.shell:Creating package script '/home/chaitanya/repos/LegoScope/ros1_bridge_ws/src/install/ros1_bridge/share/ros1_bridge/package.ps1'
[1.141s] INFO:colcon.colcon_core.shell:Creating package descriptor '/home/chaitanya/repos/LegoScope/ros1_bridge_ws/src/install/ros1_bridge/share/ros1_bridge/package.dsv'
[1.141s] INFO:colcon.colcon_core.shell:Creating package script '/home/chaitanya/repos/LegoScope/ros1_bridge_ws/src/install/ros1_bridge/share/ros1_bridge/package.sh'
[1.141s] INFO:colcon.colcon_core.shell:Creating package script '/home/chaitanya/repos/LegoScope/ros1_bridge_ws/src/install/ros1_bridge/share/ros1_bridge/package.bash'
[1.142s] INFO:colcon.colcon_core.shell:Creating package script '/home/chaitanya/repos/LegoScope/ros1_bridge_ws/src/install/ros1_bridge/share/ros1_bridge/package.zsh'
[1.142s] Level 1:colcon.colcon_core.environment:create_file_with_runtime_dependencies(/home/chaitanya/repos/LegoScope/ros1_bridge_ws/src/install/ros1_bridge/share/colcon-core/packages/ros1_bridge)
[1.152s] DEBUG:colcon.colcon_parallel_executor.executor.parallel:closing loop
[1.153s] DEBUG:colcon.colcon_parallel_executor.executor.parallel:loop closed
[1.153s] DEBUG:colcon.colcon_parallel_executor.executor.parallel:run_until_complete finished with '1'
[1.153s] DEBUG:colcon.colcon_core.event_reactor:joining thread
[1.163s] INFO:colcon.colcon_core.plugin_system:Skipping extension 'colcon_notification.desktop_notification.terminal_notifier': Not used on non-Darwin systems
[1.163s] INFO:colcon.colcon_core.plugin_system:Skipping extension 'colcon_notification.desktop_notification.win32': Not used on non-Windows systems
[1.163s] INFO:colcon.colcon_notification.desktop_notification:Sending desktop notification using 'notify2'
[1.181s] DEBUG:colcon.colcon_core.event_reactor:joined thread
[1.182s] INFO:colcon.colcon_core.shell:Creating prefix script '/home/chaitanya/repos/LegoScope/ros1_bridge_ws/src/install/local_setup.ps1'
[1.183s] INFO:colcon.colcon_core.shell:Creating prefix util module '/home/chaitanya/repos/LegoScope/ros1_bridge_ws/src/install/_local_setup_util_ps1.py'
[1.184s] INFO:colcon.colcon_core.shell:Creating prefix chain script '/home/chaitanya/repos/LegoScope/ros1_bridge_ws/src/install/setup.ps1'
[1.185s] INFO:colcon.colcon_core.shell:Creating prefix script '/home/chaitanya/repos/LegoScope/ros1_bridge_ws/src/install/local_setup.sh'
[1.185s] INFO:colcon.colcon_core.shell:Creating prefix util module '/home/chaitanya/repos/LegoScope/ros1_bridge_ws/src/install/_local_setup_util_sh.py'
[1.186s] INFO:colcon.colcon_core.shell:Creating prefix chain script '/home/chaitanya/repos/LegoScope/ros1_bridge_ws/src/install/setup.sh'
[1.187s] INFO:colcon.colcon_core.shell:Creating prefix script '/home/chaitanya/repos/LegoScope/ros1_bridge_ws/src/install/local_setup.bash'
[1.188s] INFO:colcon.colcon_core.shell:Creating prefix chain script '/home/chaitanya/repos/LegoScope/ros1_bridge_ws/src/install/setup.bash'
[1.189s] INFO:colcon.colcon_core.shell:Creating prefix script '/home/chaitanya/repos/LegoScope/ros1_bridge_ws/src/install/local_setup.zsh'
[1.189s] INFO:colcon.colcon_core.shell:Creating prefix chain script '/home/chaitanya/repos/LegoScope/ros1_bridge_ws/src/install/setup.zsh'
