[0.007s] Invoking command in '/home/chaitanya/repos/LegoScope/build/ros1_bridge': CMAKE_PREFIX_PATH=${CMAKE_PREFIX_PATH}:/home/chaitanya/Downloads/ros2-linux:/opt/ros/humble CONDA_PROMPT_MODIFIER=(base) /usr/bin/cmake /home/chaitanya/repos/LegoScope/ros1_bridge_ws/src/ros1_bridge -DBUILD_TESTING=FALSE -DCMAKE_INSTALL_PREFIX=/home/chaitanya/repos/LegoScope/install/ros1_bridge
[0.014s] -- Found rmw: 6.1.2 (/opt/ros/humble/share/rmw/cmake)
[0.117s] -- Found rclcpp: 16.0.11 (/opt/ros/humble/share/rclcpp/cmake)
[0.127s] -- Found rosidl_generator_c: 3.1.6 (/opt/ros/humble/share/rosidl_generator_c/cmake)
[0.129s] -- Found rosidl_adapter: 3.1.6 (/opt/ros/humble/share/rosidl_adapter/cmake)
[0.132s] -- Found rosidl_generator_cpp: 3.1.6 (/opt/ros/humble/share/rosidl_generator_cpp/cmake)
[0.137s] -- Using all available rosidl_typesupport_c: rosidl_typesupport_fastrtps_c;rosidl_typesupport_introspection_c
[0.145s] -- Using all available rosidl_typesupport_cpp: rosidl_typesupport_fastrtps_cpp;rosidl_typesupport_introspection_cpp
[0.165s] -- Found rmw_implementation_cmake: 6.1.2 (/opt/ros/humble/share/rmw_implementation_cmake/cmake)
[0.166s] -- Found rmw_fastrtps_cpp: 6.2.7 (/opt/ros/humble/share/rmw_fastrtps_cpp/cmake)
[0.234s] -- Using RMW implementation 'rmw_fastrtps_cpp' as default
[0.272s] -- Checking for module 'roscpp'
[0.273s] --   No package 'roscpp' found
[0.273s] [33mCMake Warning at CMakeLists.txt:34 (message):
[0.274s]   Failed to find ROS 1 roscpp, skipping...
[0.274s] 
[0.274s] [0m
[0.287s] Traceback (most recent call last):
[0.288s]   File "/opt/ros/humble/share/ament_cmake_core/cmake/core/package_xml_2_cmake.py", line 22, in <module>
[0.288s]     from catkin_pkg.package import parse_package_string
[0.288s] ModuleNotFoundError: No module named 'catkin_pkg'
[0.290s] [31mCMake Error at /opt/ros/humble/share/ament_cmake_core/cmake/core/ament_package_xml.cmake:95 (message):
[0.290s]   execute_process(/home/chaitanya/miniforge3/bin/python3
[0.290s]   /opt/ros/humble/share/ament_cmake_core/cmake/core/package_xml_2_cmake.py
[0.290s]   /home/chaitanya/repos/LegoScope/ros1_bridge_ws/src/ros1_bridge/package.xml
[0.290s]   /home/chaitanya/repos/LegoScope/build/ros1_bridge/ament_cmake_core/package.cmake)
[0.290s]   returned error code 1
[0.290s] Call Stack (most recent call first):
[0.290s]   /opt/ros/humble/share/ament_cmake_core/cmake/core/ament_package_xml.cmake:49 (_ament_package_xml)
[0.291s]   /opt/ros/humble/share/ament_cmake_core/cmake/core/ament_package.cmake:63 (ament_package_xml)
[0.291s]   CMakeLists.txt:36 (ament_package)
[0.291s] 
[0.291s] [0m
[0.291s] -- Configuring incomplete, errors occurred!
[0.291s] See also "/home/chaitanya/repos/LegoScope/build/ros1_bridge/CMakeFiles/CMakeOutput.log".
[0.296s] Invoked command in '/home/chaitanya/repos/LegoScope/build/ros1_bridge' returned '1': CMAKE_PREFIX_PATH=${CMAKE_PREFIX_PATH}:/home/chaitanya/Downloads/ros2-linux:/opt/ros/humble CONDA_PROMPT_MODIFIER=(base) /usr/bin/cmake /home/chaitanya/repos/LegoScope/ros1_bridge_ws/src/ros1_bridge -DBUILD_TESTING=FALSE -DCMAKE_INSTALL_PREFIX=/home/chaitanya/repos/LegoScope/install/ros1_bridge
